--->>> OnFrontConnected
--->>> 发送用户登录请求: 成功
--->>> OnRspUserLogin
--->>> 获取当前交易日 = 20141107
--->>> 投资者结算结果确认: 成功
--->>> OnRtnOrder
--->>> OnRtnOrder
--->>> OnRtnOrder
--->>> OnRtnTrade
--->>> OnRtnOrder
--->>> OnRtnOrder
--->>> OnRtnOrder
--->>> OnRtnOrder
--->>> OnRtnTrade
--->>> OnRtnOrder
--->>> OnRtnOrder
--->>> OnRtnOrder
--->>> OnRtnOrder
--->>> OnRtnTrade
--->>> OnRtnOrder
--->>> OnRtnTrade
--->>> OnRtnOrder
--->>> OnRtnOrder
--->>> OnRtnOrder
--->>> OnRtnOrder
--->>> OnRtnTrade
--->>> OnRtnOrder
--->>> OnRtnOrder
--->>> OnRtnOrder
--->>> OnRtnOrder
--->>> OnRtnTrade
--->>> OnRtnOrder
--->>> OnRtnTrade
--->>> OnRtnOrder
--->>> OnRtnOrder
--->>> OnRtnOrder
--->>> OnRtnOrder
--->>> OnRtnOrder
--->>> OnRtnTrade
--->>> OnRtnOrder
--->>> OnRtnOrder
--->>> OnRtnTrade
--->>> OnRtnOrder
--->>> OnRtnOrder
--->>> OnRtnOrder
--->>> OnRtnTrade
--->>> OnRtnOrder
--->>> OnRtnTrade
--->>> OnRtnOrder
--->>> OnRtnTrade
--->>> OnRtnOrder
--->>> OnRtnOrder
--->>> OnRtnOrder
--->>> OnRtnTrade
--->>> OnRtnOrder
--->>> OnRtnOrder
--->>> OnRtnOrder
--->>> OnRtnTrade
--->>> OnRtnOrder
--->>> OnRtnOrder
--->>> OnRtnOrder
--->>> OnRtnTrade
--->>> OnRtnOrder
--->>> OnRtnOrder
--->>> OnRtnOrder
--->>> OnRtnOrder
--->>> OnRtnOrder
--->>> OnRtnOrder
--->>> OnRtnOrder
--->>> OnRtnOrder
--->>> OnRtnOrder
--->>> OnRtnOrder
--->>> OnRtnTrade
--->>> OnRtnOrder
--->>> OnRtnOrder
--->>> OnRtnTrade
--->>> OnRtnOrder
--->>> OnRtnOrder
--->>> OnRtnOrder
--->>> OnRtnTrade
--->>> OnRtnOrder
--->>> OnRtnOrder
--->>> OnRtnOrder
--->>> OnRtnTrade
--->>> OnRtnOrder
--->>> OnRtnTrade
--->>> OnRtnOrder
--->>> OnRtnOrder
--->>> OnRtnOrder
--->>> OnRtnTrade
--->>> OnRtnOrder
--->>> OnRtnOrder
--->>> OnRtnOrder
--->>> OnRtnOrder
--->>> OnRtnTrade
--->>> OnRtnOrder
--->>> OnRtnOrder
--->>> OnRtnOrder
--->>> OnRtnOrder
--->>> OnRtnOrder
--->>> OnRtnOrder
--->>> OnRtnOrder
--->>> OnRtnOrder
--->>> OnRtnOrder
--->>> OnRtnOrder
--->>> OnRtnOrder
--->>> OnRtnOrder
--->>> OnRtnOrder
--->>> OnRtnTrade
--->>> OnRtnOrder
--->>> OnRtnOrder
--->>> OnRtnOrder
--->>> OnRtnOrder
--->>> OnRtnOrder
--->>> OnRtnOrder
--->>> OnRtnOrder
--->>> OnRtnTrade
--->>> OnRtnOrder
--->>> OnRtnOrder
--->>> OnRtnOrder
--->>> OnRtnTrade
--->>> OnRtnOrder
--->>> OnRtnOrder
--->>> OnRtnOrder
--->>> OnRtnOrder
--->>> OnRtnOrder
--->>> OnRtnOrder
--->>> OnRtnOrder
--->>> OnRtnTrade
--->>> OnRtnOrder
--->>> OnRtnOrder
--->>> OnRtnOrder
--->>> OnRtnTrade
--->>> OnRtnOrder
--->>> OnRtnOrder
--->>> OnRtnOrder
--->>> OnRtnOrder
--->>> OnRtnOrder
--->>> OnRtnOrder
--->>> OnRspSettlementInfoConfirm
--->>> 请求查询合约: 成功
--->>> OnRspQryInstrument
--->>> 请求查询资金账户: 成功
--->>> OnRspQryTradingAccount
--->>> 请求查询投资者持仓: 成功
--->>> OnRspQryInvestorPosition
--->>> 报单录入请求: 成功
--->>> OnRspOrderInsert
--->>> ErrorID=16, ErrorMsg=综合交易平台：找不到合约
--->>> OnRtnOrder
--->>> OnRtnOrder
--->>> OnRtnOrder
--->>> OnRtnOrder
--->>> OnRtnOrder
--->>> OnRtnOrder
--->>> OnRtnOrder
--->>> OnRtnOrder
--->>> OnRtnOrder
--->>> OnRtnOrder
--->>> OnRtnOrder
--->>> OnRtnOrder
